Building DAG of jobs...
Using shell: /usr/bin/bash
Provided cores: 1
Rules claiming more threads will be scaled down.
Job counts:
	count	jobs
	1	all
	1	get_globin_transcript_ids
	2

rule get_globin_transcript_ids:
    input: /camp/stp/babs/working/bahn/code/project/qc_pipeline/json/hgnc.json
    output: /camp/stp/babs/working/bahn/code/project/qc_pipeline/txt/globin_ids.txt
    jobid: 1

Finished job 1.
1 of 2 steps (50%) done

localrule all:
    input: /camp/stp/babs/working/bahn/code/project/qc_pipeline/txt/globin_ids.txt
    jobid: 0

Finished job 0.
2 of 2 steps (100%) done
Complete log: /camp/stp/babs/working/bahn/code/project/qc_pipeline/.snakemake/log/2018-05-22T142640.529097.snakemake.log
