Building DAG of jobs...
Using shell: /usr/bin/bash
Provided cores: 1
Rules claiming more threads will be scaled down.
Job counts:
	count	jobs
	1	all
	1	globin_transcript_ids
	1	human_mtrrna_transcript_ids
	1	human_rrna_transcript_ids
	4

rule globin_transcript_ids:
    input: /camp/stp/babs/working/bahn/code/project/qc_pipeline/json/hgnc.json
    output: /camp/stp/babs/working/bahn/code/project/qc_pipeline/txt/human_globin_ids.txt
    jobid: 1

Finished job 1.
1 of 4 steps (25%) done

rule human_rrna_transcript_ids:
    output: /camp/stp/babs/working/bahn/code/project/qc_pipeline/txt/human_rrna_ids.txt
    jobid: 2

Finished job 2.
2 of 4 steps (50%) done

rule human_mtrrna_transcript_ids:
    output: /camp/stp/babs/working/bahn/code/project/qc_pipeline/txt/human_mtrrna_ids.txt
    jobid: 3

Finished job 3.
3 of 4 steps (75%) done

localrule all:
    input: /camp/stp/babs/working/bahn/code/project/qc_pipeline/txt/human_globin_ids.txt, /camp/stp/babs/working/bahn/code/project/qc_pipeline/txt/human_rrna_ids.txt, /camp/stp/babs/working/bahn/code/project/qc_pipeline/txt/human_mtrrna_ids.txt
    jobid: 0

Finished job 0.
4 of 4 steps (100%) done
Complete log: /camp/stp/babs/working/bahn/code/project/qc_pipeline/.snakemake/log/2018-05-22T154547.210831.snakemake.log
