Building DAG of jobs...
Using shell: /usr/bin/bash
Provided cores: 1
Rules claiming more threads will be scaled down.
Job counts:
	count	jobs
	1	all
	1	human_globin_bed
	1	human_mtrrna_bed
	1	human_rrna_bed
	4

rule human_rrna_bed:
    input: /camp/stp/babs/working/bahn/code/project/qc_pipeline/txt/human_rrna_ids.txt
    output: /camp/stp/babs/working/bahn/code/project/qc_pipeline/bed/human_rrna.bed
    jobid: 1

Finished job 1.
1 of 4 steps (25%) done

rule human_globin_bed:
    input: /camp/stp/babs/working/bahn/code/project/qc_pipeline/txt/human_globin_ids.txt
    output: /camp/stp/babs/working/bahn/code/project/qc_pipeline/bed/human_globin.bed
    jobid: 3

Finished job 3.
2 of 4 steps (50%) done

rule human_mtrrna_bed:
    input: /camp/stp/babs/working/bahn/code/project/qc_pipeline/txt/human_mtrrna_ids.txt
    output: /camp/stp/babs/working/bahn/code/project/qc_pipeline/bed/human_mtrrna.bed
    jobid: 2

Finished job 2.
3 of 4 steps (75%) done

localrule all:
    input: /camp/stp/babs/working/bahn/code/project/qc_pipeline/bed/human_globin.bed, /camp/stp/babs/working/bahn/code/project/qc_pipeline/bed/human_rrna.bed, /camp/stp/babs/working/bahn/code/project/qc_pipeline/bed/human_mtrrna.bed
    jobid: 0

Finished job 0.
4 of 4 steps (100%) done
Complete log: /camp/stp/babs/working/bahn/code/project/qc_pipeline/.snakemake/log/2018-05-22T161115.511052.snakemake.log
